  Menu.cpp
D:\term3\vitualStudio\Term3\DS_Final_Projeect\DS_Project\DS_Project\HashTable.h(15,9): warning C4984: 'if constexpr' is a C++17 language extension
  (compiling source file 'Menu.cpp')
  D:\term3\vitualStudio\Term3\DS_Final_Projeect\DS_Project\DS_Project\HashTable.h(15,9):
  the template instantiation context (the oldest one first) is
  	D:\term3\vitualStudio\Term3\DS_Final_Projeect\DS_Project\DS_Project\HashTable.h(7,7):
  	while compiling class template 'HashTable'
  
D:\term3\vitualStudio\Term3\DS_Final_Projeect\DS_Project\DS_Project\HashTable.h(18,14): warning C4984: 'if constexpr' is a C++17 language extension
  (compiling source file 'Menu.cpp')
  
D:\term3\vitualStudio\Term3\DS_Final_Projeect\DS_Project\DS_Project\HashTable.h(28,14): warning C4984: 'if constexpr' is a C++17 language extension
  (compiling source file 'Menu.cpp')
  
D:\term3\vitualStudio\Term3\DS_Final_Projeect\DS_Project\DS_Project\CompressedTrie.h(164,98): warning C4267: 'argument': conversion from 'size_t' to 'int', possible loss of data
  (compiling source file 'Menu.cpp')
  
D:\term3\vitualStudio\Term3\DS_Final_Projeect\DS_Project\DS_Project\Avl.h(139,13): warning C4984: 'if constexpr' is a C++17 language extension
  (compiling source file 'Menu.cpp')
  D:\term3\vitualStudio\Term3\DS_Final_Projeect\DS_Project\DS_Project\Avl.h(139,13):
  the template instantiation context (the oldest one first) is
  	D:\term3\vitualStudio\Term3\DS_Final_Projeect\DS_Project\DS_Project\Avl.h(19,7):
  	while compiling class template 'AVLTree'
  
  Generating code
  2 of 2693 functions (<0.1%) were compiled, the rest were copied from previous compilation.
    0 functions were new in current compilation
    3 functions had inline decision re-evaluated but remain unchanged
  Finished generating code
  DS_Project.vcxproj -> D:\term3\vitualStudio\Term3\DS_Final_Projeect\DS_Project\x64\Release\DS_Project.exe
  'pwsh.exe' is not recognized as an internal or external command,
  operable program or batch file.
