  Movies.cpp
D:\term3\vitualStudio\Term3\DS_Final_Projeect\DS_Project\DS_Project\HashTable.h(16,9): warning C4984: 'if constexpr' is a C++17 language extension
  (compiling source file 'Movies.cpp')
  D:\term3\vitualStudio\Term3\DS_Final_Projeect\DS_Project\DS_Project\HashTable.h(16,9):
  the template instantiation context (the oldest one first) is
  	D:\term3\vitualStudio\Term3\DS_Final_Projeect\DS_Project\DS_Project\HashTable.h(7,7):
  	while compiling class template 'HashTable'
  
D:\term3\vitualStudio\Term3\DS_Final_Projeect\DS_Project\DS_Project\HashTable.h(19,14): warning C4984: 'if constexpr' is a C++17 language extension
  (compiling source file 'Movies.cpp')
  
  User.cpp
D:\term3\vitualStudio\Term3\DS_Final_Projeect\DS_Project\DS_Project\HashTable.h(16,9): warning C4984: 'if constexpr' is a C++17 language extension
  (compiling source file 'User.cpp')
  D:\term3\vitualStudio\Term3\DS_Final_Projeect\DS_Project\DS_Project\HashTable.h(16,9):
  the template instantiation context (the oldest one first) is
  	D:\term3\vitualStudio\Term3\DS_Final_Projeect\DS_Project\DS_Project\HashTable.h(7,7):
  	while compiling class template 'HashTable'
  
D:\term3\vitualStudio\Term3\DS_Final_Projeect\DS_Project\DS_Project\HashTable.h(19,14): warning C4984: 'if constexpr' is a C++17 language extension
  (compiling source file 'User.cpp')
  
  Generating Code...
  DS_Project.vcxproj -> D:\term3\vitualStudio\Term3\DS_Final_Projeect\DS_Project\x64\Debug\DS_Project.exe
  'pwsh.exe' is not recognized as an internal or external command,
  operable program or batch file.
